<?xml version="1.0" encoding="UTF-8"?>
<!-- Generated by org.testng.reporters.JUnitReportReporter -->
<testsuite hostname="DESKTOP-HJ8NGEJ" name="com.basic.TestingGoogleWebSite" tests="1" failures="0" timestamp="23 Jun 2019 02:58:02 GMT" time="2.832" errors="0">
  <testcase name="testGoogle" time="2.832" classname="com.basic.TestingGoogleWebSite"/>
</testsuite> <!-- com.basic.TestingGoogleWebSite -->
